<?xml version="1.0" encoding="UTF-8"?>
<testsuite name="지표 조회" tests="2" skipped="0" failures="0" errors="0" timestamp="2026-04-14T05:17:26" hostname="e2b.local" time="0.016">
  <properties/>
  <testcase name="존재하지 않는 ID 조회 시 예외 발생" classname="com.company.module.esg.service.EsgIndicatorServiceTest$GetIndicator" time="0.003"/>
  <testcase name="활성 지표 전체 조회" classname="com.company.module.esg.service.EsgIndicatorServiceTest$GetIndicator" time="0.008"/>
  <system-out><![CDATA[]]></system-out>
  <system-err><![CDATA[]]></system-err>
</testsuite>
