<?xml version="1.0" encoding="UTF-8"?>
<testsuite name="com.company.module.esgindicator.repository.EsiIndicatorValueRepositoryTest" tests="5" skipped="0" failures="0" errors="0" timestamp="2026-04-14T23:43:30" hostname="e2b.local" time="0.235">
  <properties/>
  <testcase name="제출 상태 전이" classname="com.company.module.esgindicator.repository.EsiIndicatorValueRepositoryTest" time="0.042"/>
  <testcase name="지표값 저장 후 조회" classname="com.company.module.esgindicator.repository.EsiIndicatorValueRepositoryTest" time="0.047"/>
  <testcase name="확정 처리 및 취소" classname="com.company.module.esgindicator.repository.EsiIndicatorValueRepositoryTest" time="0.024"/>
  <testcase name="연도 목록 조회" classname="com.company.module.esgindicator.repository.EsiIndicatorValueRepositoryTest" time="0.042"/>
  <testcase name="연도별 카테고리 조회" classname="com.company.module.esgindicator.repository.EsiIndicatorValueRepositoryTest" time="0.063"/>
  <system-out><![CDATA[2026-04-14T23:43:30.472Z  INFO 5846 --- [esg-management-system] [    Test worker] t.c.s.AnnotationConfigContextLoaderUtils : Could not detect default configuration classes for test class [com.company.module.esgindicator.repository.EsiIndicatorValueRepositoryTest]: EsiIndicatorValueRepositoryTest does not declare any static, non-private, non-final, nested classes annotated with @Configuration.
2026-04-14T23:43:30.487Z  INFO 5846 --- [esg-management-system] [    Test worker] .b.t.c.SpringBootTestContextBootstrapper : Found @SpringBootConfiguration com.company.EsgManagementApplication for test class com.company.module.esgindicator.repository.EsiIndicatorValueRepositoryTest
2026-04-14T23:43:30.498Z DEBUG 5846 --- [esg-management-system] [    Test worker] org.hibernate.SQL                        : 
    insert 
    into
        mod_esgindicator_dept
        (created_at, created_by, dept_code, dept_name, sort_order, updated_at, updated_by, use_yn, dept_id) 
    values
        (?, ?, ?, ?, ?, ?, ?, ?, default)
Hibernate: 
    insert 
    into
        mod_esgindicator_dept
        (created_at, created_by, dept_code, dept_name, sort_order, updated_at, updated_by, use_yn, dept_id) 
    values
        (?, ?, ?, ?, ?, ?, ?, ?, default)
2026-04-14T23:43:30.521Z DEBUG 5846 --- [esg-management-system] [    Test worker] org.hibernate.SQL                        : 
    insert 
    into
        mod_esgindicator_master
        (created_at, created_by, dept_id, esg_category, excel_row_num, major_category, mid_category, minor_category, remark, sort_order, title, unit, updated_at, updated_by, use_yn, indicator_id) 
    values
        (?, ?, ?, ?, ?, ?, ?, ?, ?, ?, ?, ?, ?, ?, ?, default)
Hibernate: 
    insert 
    into
        mod_esgindicator_master
        (created_at, created_by, dept_id, esg_category, excel_row_num, major_category, mid_category, minor_category, remark, sort_order, title, unit, updated_at, updated_by, use_yn, indicator_id) 
    values
        (?, ?, ?, ?, ?, ?, ?, ?, ?, ?, ?, ?, ?, ?, ?, default)
2026-04-14T23:43:30.532Z DEBUG 5846 --- [esg-management-system] [    Test worker] org.hibernate.SQL                        : 
    insert 
    into
        mod_esgindicator_value
        (base_year, confirm_remark, confirmed_yn, created_at, created_by, dept_id, formula_remark, indicator_id, indicator_value, input_status, updated_at, updated_by, value_id) 
    values
        (?, ?, ?, ?, ?, ?, ?, ?, ?, ?, ?, ?, default)
Hibernate: 
    insert 
    into
        mod_esgindicator_value
        (base_year, confirm_remark, confirmed_yn, created_at, created_by, dept_id, formula_remark, indicator_id, indicator_value, input_status, updated_at, updated_by, value_id) 
    values
        (?, ?, ?, ?, ?, ?, ?, ?, ?, ?, ?, ?, default)
2026-04-14T23:43:30.548Z DEBUG 5846 --- [esg-management-system] [    Test worker] org.hibernate.SQL                        : 
    insert 
    into
        mod_esgindicator_dept
        (created_at, created_by, dept_code, dept_name, sort_order, updated_at, updated_by, use_yn, dept_id) 
    values
        (?, ?, ?, ?, ?, ?, ?, ?, default)
Hibernate: 
    insert 
    into
        mod_esgindicator_dept
        (created_at, created_by, dept_code, dept_name, sort_order, updated_at, updated_by, use_yn, dept_id) 
    values
        (?, ?, ?, ?, ?, ?, ?, ?, default)
2026-04-14T23:43:30.551Z DEBUG 5846 --- [esg-management-system] [    Test worker] org.hibernate.SQL                        : 
    insert 
    into
        mod_esgindicator_master
        (created_at, created_by, dept_id, esg_category, excel_row_num, major_category, mid_category, minor_category, remark, sort_order, title, unit, updated_at, updated_by, use_yn, indicator_id) 
    values
        (?, ?, ?, ?, ?, ?, ?, ?, ?, ?, ?, ?, ?, ?, ?, default)
Hibernate: 
    insert 
    into
        mod_esgindicator_master
        (created_at, created_by, dept_id, esg_category, excel_row_num, major_category, mid_category, minor_category, remark, sort_order, title, unit, updated_at, updated_by, use_yn, indicator_id) 
    values
        (?, ?, ?, ?, ?, ?, ?, ?, ?, ?, ?, ?, ?, ?, ?, default)
2026-04-14T23:43:30.558Z DEBUG 5846 --- [esg-management-system] [    Test worker] org.hibernate.SQL                        : 
    insert 
    into
        mod_esgindicator_value
        (base_year, confirm_remark, confirmed_yn, created_at, created_by, dept_id, formula_remark, indicator_id, indicator_value, input_status, updated_at, updated_by, value_id) 
    values
        (?, ?, ?, ?, ?, ?, ?, ?, ?, ?, ?, ?, default)
Hibernate: 
    insert 
    into
        mod_esgindicator_value
        (base_year, confirm_remark, confirmed_yn, created_at, created_by, dept_id, formula_remark, indicator_id, indicator_value, input_status, updated_at, updated_by, value_id) 
    values
        (?, ?, ?, ?, ?, ?, ?, ?, ?, ?, ?, ?, default)
2026-04-14T23:43:30.569Z DEBUG 5846 --- [esg-management-system] [    Test worker] org.hibernate.SQL                        : 
    select
        eiv1_0.value_id,
        eiv1_0.base_year,
        eiv1_0.confirm_remark,
        eiv1_0.confirmed_yn,
        eiv1_0.created_at,
        eiv1_0.created_by,
        eiv1_0.dept_id,
        eiv1_0.formula_remark,
        eiv1_0.indicator_id,
        eiv1_0.indicator_value,
        eiv1_0.input_status,
        eiv1_0.updated_at,
        eiv1_0.updated_by 
    from
        mod_esgindicator_value eiv1_0 
    where
        eiv1_0.indicator_id=? 
        and eiv1_0.dept_id=? 
        and eiv1_0.base_year=?
Hibernate: 
    select
        eiv1_0.value_id,
        eiv1_0.base_year,
        eiv1_0.confirm_remark,
        eiv1_0.confirmed_yn,
        eiv1_0.created_at,
        eiv1_0.created_by,
        eiv1_0.dept_id,
        eiv1_0.formula_remark,
        eiv1_0.indicator_id,
        eiv1_0.indicator_value,
        eiv1_0.input_status,
        eiv1_0.updated_at,
        eiv1_0.updated_by 
    from
        mod_esgindicator_value eiv1_0 
    where
        eiv1_0.indicator_id=? 
        and eiv1_0.dept_id=? 
        and eiv1_0.base_year=?
2026-04-14T23:43:30.600Z DEBUG 5846 --- [esg-management-system] [    Test worker] org.hibernate.SQL                        : 
    insert 
    into
        mod_esgindicator_dept
        (created_at, created_by, dept_code, dept_name, sort_order, updated_at, updated_by, use_yn, dept_id) 
    values
        (?, ?, ?, ?, ?, ?, ?, ?, default)
Hibernate: 
    insert 
    into
        mod_esgindicator_dept
        (created_at, created_by, dept_code, dept_name, sort_order, updated_at, updated_by, use_yn, dept_id) 
    values
        (?, ?, ?, ?, ?, ?, ?, ?, default)
2026-04-14T23:43:30.614Z DEBUG 5846 --- [esg-management-system] [    Test worker] org.hibernate.SQL                        : 
    insert 
    into
        mod_esgindicator_master
        (created_at, created_by, dept_id, esg_category, excel_row_num, major_category, mid_category, minor_category, remark, sort_order, title, unit, updated_at, updated_by, use_yn, indicator_id) 
    values
        (?, ?, ?, ?, ?, ?, ?, ?, ?, ?, ?, ?, ?, ?, ?, default)
Hibernate: 
    insert 
    into
        mod_esgindicator_master
        (created_at, created_by, dept_id, esg_category, excel_row_num, major_category, mid_category, minor_category, remark, sort_order, title, unit, updated_at, updated_by, use_yn, indicator_id) 
    values
        (?, ?, ?, ?, ?, ?, ?, ?, ?, ?, ?, ?, ?, ?, ?, default)
2026-04-14T23:43:30.617Z DEBUG 5846 --- [esg-management-system] [    Test worker] org.hibernate.SQL                        : 
    insert 
    into
        mod_esgindicator_value
        (base_year, confirm_remark, confirmed_yn, created_at, created_by, dept_id, formula_remark, indicator_id, indicator_value, input_status, updated_at, updated_by, value_id) 
    values
        (?, ?, ?, ?, ?, ?, ?, ?, ?, ?, ?, ?, default)
Hibernate: 
    insert 
    into
        mod_esgindicator_value
        (base_year, confirm_remark, confirmed_yn, created_at, created_by, dept_id, formula_remark, indicator_id, indicator_value, input_status, updated_at, updated_by, value_id) 
    values
        (?, ?, ?, ?, ?, ?, ?, ?, ?, ?, ?, ?, default)
2026-04-14T23:43:30.630Z DEBUG 5846 --- [esg-management-system] [    Test worker] org.hibernate.SQL                        : 
    insert 
    into
        mod_esgindicator_dept
        (created_at, created_by, dept_code, dept_name, sort_order, updated_at, updated_by, use_yn, dept_id) 
    values
        (?, ?, ?, ?, ?, ?, ?, ?, default)
Hibernate: 
    insert 
    into
        mod_esgindicator_dept
        (created_at, created_by, dept_code, dept_name, sort_order, updated_at, updated_by, use_yn, dept_id) 
    values
        (?, ?, ?, ?, ?, ?, ?, ?, default)
2026-04-14T23:43:30.635Z DEBUG 5846 --- [esg-management-system] [    Test worker] org.hibernate.SQL                        : 
    insert 
    into
        mod_esgindicator_master
        (created_at, created_by, dept_id, esg_category, excel_row_num, major_category, mid_category, minor_category, remark, sort_order, title, unit, updated_at, updated_by, use_yn, indicator_id) 
    values
        (?, ?, ?, ?, ?, ?, ?, ?, ?, ?, ?, ?, ?, ?, ?, default)
Hibernate: 
    insert 
    into
        mod_esgindicator_master
        (created_at, created_by, dept_id, esg_category, excel_row_num, major_category, mid_category, minor_category, remark, sort_order, title, unit, updated_at, updated_by, use_yn, indicator_id) 
    values
        (?, ?, ?, ?, ?, ?, ?, ?, ?, ?, ?, ?, ?, ?, ?, default)
2026-04-14T23:43:30.640Z DEBUG 5846 --- [esg-management-system] [    Test worker] org.hibernate.SQL                        : 
    insert 
    into
        mod_esgindicator_value
        (base_year, confirm_remark, confirmed_yn, created_at, created_by, dept_id, formula_remark, indicator_id, indicator_value, input_status, updated_at, updated_by, value_id) 
    values
        (?, ?, ?, ?, ?, ?, ?, ?, ?, ?, ?, ?, default)
Hibernate: 
    insert 
    into
        mod_esgindicator_value
        (base_year, confirm_remark, confirmed_yn, created_at, created_by, dept_id, formula_remark, indicator_id, indicator_value, input_status, updated_at, updated_by, value_id) 
    values
        (?, ?, ?, ?, ?, ?, ?, ?, ?, ?, ?, ?, default)
2026-04-14T23:43:30.655Z DEBUG 5846 --- [esg-management-system] [    Test worker] org.hibernate.SQL                        : 
    update
        mod_esgindicator_value 
    set
        base_year=?,
        confirm_remark=?,
        confirmed_yn=?,
        dept_id=?,
        formula_remark=?,
        indicator_id=?,
        indicator_value=?,
        input_status=?,
        updated_at=?,
        updated_by=? 
    where
        value_id=?
Hibernate: 
    update
        mod_esgindicator_value 
    set
        base_year=?,
        confirm_remark=?,
        confirmed_yn=?,
        dept_id=?,
        formula_remark=?,
        indicator_id=?,
        indicator_value=?,
        input_status=?,
        updated_at=?,
        updated_by=? 
    where
        value_id=?
2026-04-14T23:43:30.659Z DEBUG 5846 --- [esg-management-system] [    Test worker] org.hibernate.SQL                        : 
    select
        distinct eiv1_0.base_year 
    from
        mod_esgindicator_value eiv1_0 
    order by
        eiv1_0.base_year desc
Hibernate: 
    select
        distinct eiv1_0.base_year 
    from
        mod_esgindicator_value eiv1_0 
    order by
        eiv1_0.base_year desc
2026-04-14T23:43:30.670Z DEBUG 5846 --- [esg-management-system] [    Test worker] org.hibernate.SQL                        : 
    insert 
    into
        mod_esgindicator_dept
        (created_at, created_by, dept_code, dept_name, sort_order, updated_at, updated_by, use_yn, dept_id) 
    values
        (?, ?, ?, ?, ?, ?, ?, ?, default)
Hibernate: 
    insert 
    into
        mod_esgindicator_dept
        (created_at, created_by, dept_code, dept_name, sort_order, updated_at, updated_by, use_yn, dept_id) 
    values
        (?, ?, ?, ?, ?, ?, ?, ?, default)
2026-04-14T23:43:30.675Z DEBUG 5846 --- [esg-management-system] [    Test worker] org.hibernate.SQL                        : 
    insert 
    into
        mod_esgindicator_master
        (created_at, created_by, dept_id, esg_category, excel_row_num, major_category, mid_category, minor_category, remark, sort_order, title, unit, updated_at, updated_by, use_yn, indicator_id) 
    values
        (?, ?, ?, ?, ?, ?, ?, ?, ?, ?, ?, ?, ?, ?, ?, default)
Hibernate: 
    insert 
    into
        mod_esgindicator_master
        (created_at, created_by, dept_id, esg_category, excel_row_num, major_category, mid_category, minor_category, remark, sort_order, title, unit, updated_at, updated_by, use_yn, indicator_id) 
    values
        (?, ?, ?, ?, ?, ?, ?, ?, ?, ?, ?, ?, ?, ?, ?, default)
2026-04-14T23:43:30.685Z DEBUG 5846 --- [esg-management-system] [    Test worker] org.hibernate.SQL                        : 
    insert 
    into
        mod_esgindicator_value
        (base_year, confirm_remark, confirmed_yn, created_at, created_by, dept_id, formula_remark, indicator_id, indicator_value, input_status, updated_at, updated_by, value_id) 
    values
        (?, ?, ?, ?, ?, ?, ?, ?, ?, ?, ?, ?, default)
Hibernate: 
    insert 
    into
        mod_esgindicator_value
        (base_year, confirm_remark, confirmed_yn, created_at, created_by, dept_id, formula_remark, indicator_id, indicator_value, input_status, updated_at, updated_by, value_id) 
    values
        (?, ?, ?, ?, ?, ?, ?, ?, ?, ?, ?, ?, default)
2026-04-14T23:43:30.698Z DEBUG 5846 --- [esg-management-system] [    Test worker] org.hibernate.SQL                        : 
    update
        mod_esgindicator_value 
    set
        base_year=?,
        confirm_remark=?,
        confirmed_yn=?,
        dept_id=?,
        formula_remark=?,
        indicator_id=?,
        indicator_value=?,
        input_status=?,
        updated_at=?,
        updated_by=? 
    where
        value_id=?
Hibernate: 
    update
        mod_esgindicator_value 
    set
        base_year=?,
        confirm_remark=?,
        confirmed_yn=?,
        dept_id=?,
        formula_remark=?,
        indicator_id=?,
        indicator_value=?,
        input_status=?,
        updated_at=?,
        updated_by=? 
    where
        value_id=?
2026-04-14T23:43:30.702Z DEBUG 5846 --- [esg-management-system] [    Test worker] org.hibernate.SQL                        : 
    select
        eiv1_0.value_id,
        eiv1_0.base_year,
        eiv1_0.confirm_remark,
        eiv1_0.confirmed_yn,
        eiv1_0.created_at,
        eiv1_0.created_by,
        eiv1_0.dept_id,
        d1_0.dept_id,
        d1_0.created_at,
        d1_0.created_by,
        d1_0.dept_code,
        d1_0.dept_name,
        d1_0.sort_order,
        d1_0.updated_at,
        d1_0.updated_by,
        d1_0.use_yn,
        eiv1_0.formula_remark,
        eiv1_0.indicator_id,
        i1_0.indicator_id,
        i1_0.created_at,
        i1_0.created_by,
        i1_0.dept_id,
        i1_0.esg_category,
        i1_0.excel_row_num,
        i1_0.major_category,
        i1_0.mid_category,
        i1_0.minor_category,
        i1_0.remark,
        i1_0.sort_order,
        i1_0.title,
        i1_0.unit,
        i1_0.updated_at,
        i1_0.updated_by,
        i1_0.use_yn,
        eiv1_0.indicator_value,
        eiv1_0.input_status,
        eiv1_0.updated_at,
        eiv1_0.updated_by 
    from
        mod_esgindicator_value eiv1_0 
    join
        mod_esgindicator_master i1_0 
            on i1_0.indicator_id=eiv1_0.indicator_id 
    join
        mod_esgindicator_dept d1_0 
            on d1_0.dept_id=eiv1_0.dept_id 
    where
        eiv1_0.base_year=? 
        and i1_0.esg_category=? 
        and i1_0.use_yn=true 
    order by
        i1_0.sort_order,
        d1_0.sort_order
Hibernate: 
    select
        eiv1_0.value_id,
        eiv1_0.base_year,
        eiv1_0.confirm_remark,
        eiv1_0.confirmed_yn,
        eiv1_0.created_at,
        eiv1_0.created_by,
        eiv1_0.dept_id,
        d1_0.dept_id,
        d1_0.created_at,
        d1_0.created_by,
        d1_0.dept_code,
        d1_0.dept_name,
        d1_0.sort_order,
        d1_0.updated_at,
        d1_0.updated_by,
        d1_0.use_yn,
        eiv1_0.formula_remark,
        eiv1_0.indicator_id,
        i1_0.indicator_id,
        i1_0.created_at,
        i1_0.created_by,
        i1_0.dept_id,
        i1_0.esg_category,
        i1_0.excel_row_num,
        i1_0.major_category,
        i1_0.mid_category,
        i1_0.minor_category,
        i1_0.remark,
        i1_0.sort_order,
        i1_0.title,
        i1_0.unit,
        i1_0.updated_at,
        i1_0.updated_by,
        i1_0.use_yn,
        eiv1_0.indicator_value,
        eiv1_0.input_status,
        eiv1_0.updated_at,
        eiv1_0.updated_by 
    from
        mod_esgindicator_value eiv1_0 
    join
        mod_esgindicator_master i1_0 
            on i1_0.indicator_id=eiv1_0.indicator_id 
    join
        mod_esgindicator_dept d1_0 
            on d1_0.dept_id=eiv1_0.dept_id 
    where
        eiv1_0.base_year=? 
        and i1_0.esg_category=? 
        and i1_0.use_yn=true 
    order by
        i1_0.sort_order,
        d1_0.sort_order
]]></system-out>
  <system-err><![CDATA[]]></system-err>
</testsuite>
