<?xml version="1.0" encoding="UTF-8"?>
<testsuite name="사용자 조회" tests="2" skipped="0" failures="0" errors="0" timestamp="2026-04-14T05:17:43" hostname="e2b.local" time="1.634">
  <properties/>
  <testcase name="존재하지 않는 사용자 조회 시 예외 발생" classname="com.company.module.user.service.UserServiceTest$GetUser" time="1.608"/>
  <testcase name="존재하는 사용자 조회 성공" classname="com.company.module.user.service.UserServiceTest$GetUser" time="0.013"/>
  <system-out><![CDATA[]]></system-out>
  <system-err><![CDATA[]]></system-err>
</testsuite>
